<?xml version="1.0" encoding="UTF-8"?>
<coverage generated="1608767115453" clover="3.2.0">
  <project timestamp="1608767115453" name="All files">
    <metrics statements="7" coveredstatements="7" conditionals="8" coveredconditionals="8" methods="5" coveredmethods="5" elements="20" coveredelements="20" complexity="0" loc="7" ncloc="7" packages="1" files="2" classes="2"/>
    <file name="index.ts" path="/Users/nrdlab/Project/personal/pattern-matching-ts/src/index.ts">
      <metrics statements="2" coveredstatements="2" conditionals="0" coveredconditionals="0" methods="0" coveredmethods="0"/>
      <line num="5" count="1" type="stmt"/>
      <line num="7" count="1" type="stmt"/>
    </file>
    <file name="match.ts" path="/Users/nrdlab/Project/personal/pattern-matching-ts/src/match.ts">
      <metrics statements="5" coveredstatements="5" conditionals="8" coveredconditionals="8" methods="5" coveredmethods="5"/>
      <line num="1" count="3" type="stmt"/>
      <line num="56" count="3" type="stmt"/>
      <line num="63" count="7" type="cond" truecount="8" falsecount="0"/>
      <line num="101" count="3" type="stmt"/>
      <line num="110" count="13" type="stmt"/>
    </file>
  </project>
</coverage>
