{"/Users/nrdlab/Project/personal/pattern-matching-ts/src/index.ts": {"path":"/Users/nrdlab/Project/personal/pattern-matching-ts/src/index.ts","statementMap":{"0":{"start":{"line":4,"column":0},"end":{"line":4,"column":32}},"1":{"start":{"line":11,"column":2},"end":{"line":11,"column":7}}},"fnMap":{},"branchMap":{},"s":{"0":1,"1":1},"f":{},"b":{}}
,"/Users/nrdlab/Project/personal/pattern-matching-ts/src/match.ts": {"path":"/Users/nrdlab/Project/personal/pattern-matching-ts/src/match.ts","statementMap":{"0":{"start":{"line":4,"column":16},"end":{"line":4,"column":19}},"1":{"start":{"line":104,"column":2},"end":{"line":104,"column":null}},"2":{"start":{"line":104,"column":16},"end":{"line":104,"column":null}},"3":{"start":{"line":97,"column":0},"end":{"line":97,"column":16}},"4":{"start":{"line":175,"column":4},"end":{"line":175,"column":15}},"5":{"start":{"line":175,"column":14},"end":{"line":178,"column":null}},"6":{"start":{"line":175,"column":26},"end":{"line":178,"column":null}},"7":{"start":{"line":166,"column":13},"end":{"line":166,"column":null}}},"fnMap":{"0":{"name":"match","decl":{"start":{"line":97,"column":16},"end":{"line":97,"column":21}},"loc":{"start":{"line":102,"column":7},"end":{"line":105,"column":1}}},"1":{"name":"(anonymous_1)","decl":{"start":{"line":104,"column":9},"end":{"line":104,"column":10}},"loc":{"start":{"line":104,"column":11},"end":{"line":104,"column":null}}},"2":{"name":"(anonymous_2)","decl":{"start":{"line":175,"column":4},"end":{"line":175,"column":5}},"loc":{"start":{"line":175,"column":9},"end":{"line":175,"column":15}}},"3":{"name":"(anonymous_3)","decl":{"start":{"line":175,"column":14},"end":{"line":175,"column":15}},"loc":{"start":{"line":175,"column":21},"end":{"line":175,"column":27}}},"4":{"name":"(anonymous_4)","decl":{"start":{"line":175,"column":26},"end":{"line":175,"column":27}},"loc":{"start":{"line":175,"column":51},"end":{"line":178,"column":1}}}},"branchMap":{"0":{"loc":{"start":{"line":104,"column":40},"end":{"line":104,"column":44}},"type":"cond-expr","locations":[{"start":{"line":104,"column":40},"end":{"line":104,"column":44}},{"start":{"line":104,"column":44},"end":{"line":104,"column":51}}]},"1":{"loc":{"start":{"line":104,"column":32},"end":{"line":104,"column":44}},"type":"binary-expr","locations":[{"start":{"line":104,"column":32},"end":{"line":104,"column":44}},{"start":{"line":104,"column":40},"end":{"line":104,"column":44}}]},"2":{"loc":{"start":{"line":104,"column":34},"end":{"line":104,"column":36}},"type":"cond-expr","locations":[{"start":{"line":104,"column":34},"end":{"line":104,"column":36}},{"start":{"line":104,"column":33},"end":{"line":104,"column":40}}]},"3":{"loc":{"start":{"line":104,"column":33},"end":{"line":104,"column":36}},"type":"binary-expr","locations":[{"start":{"line":104,"column":33},"end":{"line":104,"column":36}},{"start":{"line":104,"column":33},"end":{"line":104,"column":36}}]}},"s":{"0":3,"1":2,"2":7,"3":3,"4":3,"5":13,"6":13,"7":3},"f":{"0":2,"1":7,"2":13,"3":13,"4":13},"b":{"0":[5,2],"1":[7,7],"2":[2,5],"3":[7,6]}}
}
