TN:
SF:src/index.ts
FNF:0
FNH:0
DA:4,1
DA:11,1
LF:2
LH:2
BRF:0
BRH:0
end_of_record
TN:
SF:src/match.ts
FN:97,match
FN:104,(anonymous_1)
FN:175,(anonymous_2)
FN:175,(anonymous_3)
FN:175,(anonymous_4)
FNF:5
FNH:5
FNDA:2,match
FNDA:7,(anonymous_1)
FNDA:13,(anonymous_2)
FNDA:13,(anonymous_3)
FNDA:13,(anonymous_4)
DA:4,3
DA:97,3
DA:104,7
DA:166,3
DA:175,13
LF:5
LH:5
BRDA:104,0,0,5
BRDA:104,0,1,2
BRDA:104,1,0,7
BRDA:104,1,1,7
BRDA:104,2,0,2
BRDA:104,2,1,5
BRDA:104,3,0,7
BRDA:104,3,1,6
BRF:8
BRH:8
end_of_record
